<?xml version="1.0" encoding="UTF-8"?>
<!-- Generated by org.testng.reporters.JUnitReportReporter -->
<testsuite skipped="0" hostname="Harrier-vaio" name="com.qa.testcases.TC_AddRoleTest_003" tests="3" failures="0" timestamp="10 Jan 2020 11:52:09 GMT" time="171.923" errors="0">
  <testcase name="addNewRole" time="74.756" classname="com.qa.testcases.TC_AddRoleTest_003"/>
  <testcase name="updateNewRole" time="51.428" classname="com.qa.testcases.TC_AddRoleTest_003"/>
  <testcase name="DeleteNewRole" time="45.739" classname="com.qa.testcases.TC_AddRoleTest_003"/>
</testsuite> <!-- com.qa.testcases.TC_AddRoleTest_003 -->
