<?xml version="1.0" encoding="UTF-8"?>
<!-- Generated by org.testng.reporters.JUnitReportReporter -->
<testsuite skipped="0" hostname="Harrier-vaio" name="com.qa.testcases.TC_UpsiDetailsTest_010" tests="2" failures="0" timestamp="24 Jan 2020 07:45:52 GMT" time="266.007" errors="0">
  <testcase name="addUpsiDetails" time="204.889" classname="com.qa.testcases.TC_UpsiDetailsTest_010"/>
  <testcase name="updateUpsiDetails" time="61.118" classname="com.qa.testcases.TC_UpsiDetailsTest_010"/>
</testsuite> <!-- com.qa.testcases.TC_UpsiDetailsTest_010 -->
