<?xml version="1.0" encoding="UTF-8"?>
<!-- Generated by org.testng.reporters.JUnitReportReporter -->
<testsuite skipped="1" hostname="Harrier-vaio" name="com.qa.testcases.TC_LoginDDT_002" tests="1" failures="0" timestamp="15 Jan 2020 12:27:14 GMT" time="0.000" errors="0">
  <testcase name="loginDDT" time="0.000" classname="com.qa.testcases.TC_LoginDDT_002">
    <skipped/>
  </testcase> <!-- loginDDT -->
</testsuite> <!-- com.qa.testcases.TC_LoginDDT_002 -->
