<?xml version="1.0" encoding="UTF-8"?>
<!-- Generated by org.testng.reporters.JUnitReportReporter -->
<testsuite skipped="0" hostname="Harrier-vaio" name="com.qa.testcases.TC_SharerTest_005" tests="5" failures="0" timestamp="15 Jan 2020 13:13:22 GMT" time="365.143" errors="0">
  <testcase name="addSharer" time="128.123" classname="com.qa.testcases.TC_SharerTest_005"/>
  <testcase name="updateSharer" time="68.893" classname="com.qa.testcases.TC_SharerTest_005"/>
  <testcase name="clickOnDownloadFile" time="37.999" classname="com.qa.testcases.TC_SharerTest_005"/>
  <testcase name="checkSharerHistory" time="78.295" classname="com.qa.testcases.TC_SharerTest_005"/>
  <testcase name="deleteSharerDetails" time="51.833" classname="com.qa.testcases.TC_SharerTest_005"/>
</testsuite> <!-- com.qa.testcases.TC_SharerTest_005 -->
