<?xml version="1.0" encoding="UTF-8"?>
<!-- Generated by org.testng.reporters.JUnitReportReporter -->
<testsuite skipped="0" hostname="Harrier-vaio" name="com.qa.testcases.TC_RecipientTestDDT_009" tests="5" failures="0" timestamp="22 Jan 2020 07:08:29 GMT" time="366.286" errors="0">
  <testcase name="addRecipient" time="145.810" classname="com.qa.testcases.TC_RecipientTestDDT_009"/>
  <testcase name="updateRecipient" time="79.969" classname="com.qa.testcases.TC_RecipientTestDDT_009"/>
  <testcase name="clickOnDownloadFile" time="40.808" classname="com.qa.testcases.TC_RecipientTestDDT_009"/>
  <testcase name="checkRecipientHistory" time="54.119" classname="com.qa.testcases.TC_RecipientTestDDT_009"/>
  <testcase name="deleteSharerDetails" time="45.580" classname="com.qa.testcases.TC_RecipientTestDDT_009"/>
</testsuite> <!-- com.qa.testcases.TC_RecipientTestDDT_009 -->
