<?xml version="1.0" encoding="UTF-8"?>
<!-- Generated by org.testng.reporters.JUnitReportReporter -->
<testsuite skipped="0" hostname="Harrier-vaio" name="com.qa.testcases.TC_CommitteeDetailsTest_015" tests="1" failures="0" timestamp="11 Feb 2020 13:42:03 GMT" time="144.062" errors="0">
  <testcase name="addCommitteeDetails" time="144.062" classname="com.qa.testcases.TC_CommitteeDetailsTest_015"/>
</testsuite> <!-- com.qa.testcases.TC_CommitteeDetailsTest_015 -->
