<?xml version="1.0" encoding="UTF-8"?>
<!-- Generated by org.testng.reporters.JUnitReportReporter -->
<testsuite skipped="0" hostname="Harrier-vaio" name="com.qa.testcases.TC_TagTest_013" tests="4" failures="0" timestamp="03 Feb 2020 09:59:06 GMT" time="245.492" errors="0">
  <testcase name="addTag" time="94.674" classname="com.qa.testcases.TC_TagTest_013"/>
  <testcase name="updateTag" time="46.957" classname="com.qa.testcases.TC_TagTest_013"/>
  <testcase name="exportTag" time="33.536" classname="com.qa.testcases.TC_TagTest_013"/>
  <testcase name="deleteTag" time="70.325" classname="com.qa.testcases.TC_TagTest_013"/>
</testsuite> <!-- com.qa.testcases.TC_TagTest_013 -->
