<?xml version="1.0" encoding="UTF-8"?>
<!-- Generated by org.testng.reporters.JUnitReportReporter -->
<testsuite skipped="0" hostname="Harrier-vaio" name="com.qa.testcases.TC_SharerTestDDT_008" tests="5" failures="0" timestamp="04 Feb 2020 13:42:36 GMT" time="390.691" errors="0">
  <testcase name="addSharer" time="137.163" classname="com.qa.testcases.TC_SharerTestDDT_008"/>
  <testcase name="updateSharer" time="71.237" classname="com.qa.testcases.TC_SharerTestDDT_008"/>
  <testcase name="clickOnDownloadFile" time="41.259" classname="com.qa.testcases.TC_SharerTestDDT_008"/>
  <testcase name="checkSharerHistory" time="84.447" classname="com.qa.testcases.TC_SharerTestDDT_008"/>
  <testcase name="deleteSharerDetails" time="56.585" classname="com.qa.testcases.TC_SharerTestDDT_008"/>
</testsuite> <!-- com.qa.testcases.TC_SharerTestDDT_008 -->
