<?xml version="1.0" encoding="UTF-8"?>
<!-- Generated by org.testng.reporters.JUnitReportReporter -->
<testsuite skipped="0" hostname="Harrier-vaio" name="com.qa.testcases.TC_CompanySetup_011" tests="1" failures="0" timestamp="30 Jan 2020 05:15:08 GMT" time="183.839" errors="0">
  <testcase name="addNewCompany" time="183.839" classname="com.qa.testcases.TC_CompanySetup_011"/>
</testsuite> <!-- com.qa.testcases.TC_CompanySetup_011 -->
