<?xml version="1.0" encoding="UTF-8"?>
<!-- Generated by org.testng.reporters.JUnitReportReporter -->
<testsuite skipped="0" hostname="Harrier-vaio" name="com.qa.testcases.TC_LoginTest_001" tests="2" failures="0" timestamp="24 Jan 2020 14:08:04 GMT" time="75.006" errors="0">
  <testcase name="loginTest" time="39.626" classname="com.qa.testcases.TC_LoginTest_001"/>
  <testcase name="logoutTest" time="35.380" classname="com.qa.testcases.TC_LoginTest_001"/>
</testsuite> <!-- com.qa.testcases.TC_LoginTest_001 -->
